[INFO] 2025-04-12T11:13:51.927Z - Friendship getAll ---- Retrieved all friendships
[INFO] 2025-04-12T11:13:52.020Z - Friendship getAll ---- Retrieved all friendships
[INFO] 2025-04-12T11:13:52.021Z - Friendship getPendingRequests ---- Retrieved pending friendship requests
[INFO] 2025-04-12T11:13:52.114Z - Friendship getPendingRequests ---- Retrieved pending friendship requests
[INFO] 2025-04-12T11:13:52.115Z - Friendship getSentRequests ---- Retrieved sent friendship requests
[INFO] 2025-04-12T11:13:52.177Z - Friendship getSentRequests ---- Retrieved sent friendship requests
[INFO] 2025-04-12T11:13:54.798Z - Get User --- Request Received
[INFO] 2025-04-12T11:13:54.861Z - Friendship getAll ---- Retrieved all friendships
[INFO] 2025-04-12T11:13:54.928Z - Friendship getPendingRequests ---- Retrieved pending friendship requests
[INFO] 2025-04-12T11:13:54.929Z - Friendship getAll ---- Retrieved all friendships
[INFO] 2025-04-12T11:13:54.964Z - Get User --- Request Received
[INFO] 2025-04-12T11:13:55.003Z - Friendship getPendingRequests ---- Retrieved pending friendship requests
[INFO] 2025-04-12T11:13:55.005Z - Friendship getSentRequests ---- Retrieved sent friendship requests
[INFO] 2025-04-12T11:13:55.028Z - Get User --- Request Received
[INFO] 2025-04-12T11:13:55.090Z - Friendship getAll ---- Retrieved all friendships
[INFO] 2025-04-12T11:13:55.091Z - Friendship getSentRequests ---- Retrieved sent friendship requests
[INFO] 2025-04-12T11:13:55.091Z - Notification getUserNotifications ---- Retrieved user notifications
[INFO] 2025-04-12T11:13:55.099Z - Get User --- Request Received
[INFO] 2025-04-12T11:13:55.160Z - Friendship getPendingRequests ---- Retrieved pending friendship requests
[INFO] 2025-04-12T11:13:55.161Z - Friendship getAll ---- Retrieved all friendships
[INFO] 2025-04-12T11:13:55.176Z - Get User --- Request Received
[INFO] 2025-04-12T11:13:55.241Z - Get User --- Request Received
[INFO] 2025-04-12T11:13:55.257Z - Friendship getAll ---- Retrieved all friendships
[INFO] 2025-04-12T11:13:55.258Z - Friendship getSentRequests ---- Retrieved sent friendship requests
[INFO] 2025-04-12T11:13:55.259Z - Friendship getPendingRequests ---- Retrieved pending friendship requests
[INFO] 2025-04-12T11:13:55.259Z - Notification getUserNotifications ---- Retrieved user notifications
[INFO] 2025-04-12T11:13:55.445Z - Friendship getSentRequests ---- Retrieved sent friendship requests
[INFO] 2025-04-12T11:13:55.445Z - Friendship getPendingRequests ---- Retrieved pending friendship requests
[INFO] 2025-04-12T11:13:55.446Z - Friendship getAll ---- Retrieved all friendships
[INFO] 2025-04-12T11:13:55.645Z - Friendship getAll ---- Retrieved all friendships
[INFO] 2025-04-12T11:13:55.646Z - Friendship getPendingRequests ---- Retrieved pending friendship requests
[INFO] 2025-04-12T11:13:55.646Z - Friendship getSentRequests ---- Retrieved sent friendship requests
[INFO] 2025-04-12T11:13:55.738Z - Friendship getPendingRequests ---- Retrieved pending friendship requests
[INFO] 2025-04-12T11:13:55.739Z - Friendship getSentRequests ---- Retrieved sent friendship requests
[INFO] 2025-04-12T11:13:55.739Z - Friendship getAll ---- Retrieved all friendships
[INFO] 2025-04-12T11:13:55.940Z - Friendship getSentRequests ---- Retrieved sent friendship requests
[INFO] 2025-04-12T11:13:55.941Z - Friendship getPendingRequests ---- Retrieved pending friendship requests
[INFO] 2025-04-12T11:13:56.004Z - Friendship getSentRequests ---- Retrieved sent friendship requests
[INFO] 2025-04-12T11:13:57.202Z - List Users --- Request Received
[WARN] 2025-04-12T11:13:58.823Z - Friendship create ---- Error sending friendship request
[INFO] 2025-04-12T11:14:01.291Z - Get User --- Request Received
[INFO] 2025-04-12T11:14:01.338Z - Friendship getRelationshipStatus ---- Retrieved relationship status successfully
[INFO] 2025-04-12T11:14:01.338Z - Friendship getFollowers ---- Retrieved followers successfully
[INFO] 2025-04-12T11:14:01.353Z - Get User --- Request Received
[INFO] 2025-04-12T11:14:01.415Z - Get User --- Request Received
[INFO] 2025-04-12T11:14:01.573Z - Get User --- Request Received
[INFO] 2025-04-12T11:14:01.629Z - Friendship getRelationshipStatus ---- Retrieved relationship status successfully
[INFO] 2025-04-12T11:14:01.630Z - Friendship getFollowers ---- Retrieved followers successfully
[INFO] 2025-04-12T11:14:01.630Z - Friendship getFollowing ---- Retrieved following users successfully
[INFO] 2025-04-12T11:14:01.631Z - Get User --- Request Received
[INFO] 2025-04-12T11:14:01.715Z - Friendship getMutualFriends ---- Retrieved mutual friends successfully
[INFO] 2025-04-12T11:14:01.716Z - Friendship getFollowing ---- Retrieved following users successfully
[INFO] 2025-04-12T11:14:01.762Z - Friendship getMutualFriends ---- Retrieved mutual friends successfully
[INFO] 2025-04-12T11:14:01.793Z - Get User --- Request Received
[INFO] 2025-04-12T11:14:01.840Z - Get User --- Request Received
[INFO] 2025-04-12T11:14:02.680Z - Friendship unfollowUser ---- User unfollowed successfully
[INFO] 2025-04-12T11:14:02.728Z - Friendship getRelationshipStatus ---- Retrieved relationship status successfully
[INFO] 2025-04-12T11:14:02.776Z - Friendship getFollowers ---- Retrieved followers successfully
[INFO] 2025-04-12T11:14:02.807Z - Get User --- Request Received
[INFO] 2025-04-12T11:14:02.823Z - Friendship getFollowing ---- Retrieved following users successfully
[INFO] 2025-04-12T11:14:02.995Z - Friendship getMutualFriends ---- Retrieved mutual friends successfully
[INFO] 2025-04-12T11:14:03.804Z - Friendship create ---- Friendship request sent successfully
[INFO] 2025-04-12T11:14:03.977Z - Friendship getRelationshipStatus ---- Retrieved relationship status successfully
[INFO] 2025-04-12T11:14:04.039Z - Get User --- Request Received
[INFO] 2025-04-12T11:14:07.961Z - Get User --- Request Received
[INFO] 2025-04-12T11:14:08.004Z - Get User Reviews - Retrieved reviews for User 1
[INFO] 2025-04-12T11:14:08.007Z - Get User Reviews - Retrieved reviews for User 1
[INFO] 2025-04-12T11:14:08.025Z - Friendship getFollowers ---- Retrieved followers successfully
[INFO] 2025-04-12T11:14:08.072Z - Friendship getFollowing ---- Retrieved following users successfully
[INFO] 2025-04-12T11:14:08.120Z - Friendship getMutualFriends ---- Retrieved mutual friends successfully
[INFO] 2025-04-12T11:14:09.135Z - Login User - Logout Successfully
[WARN] 2025-04-12T11:14:17.169Z - Login User --- Invalid email or password 
[WARN] 2025-04-12T11:14:17.783Z - Login User --- Invalid email or password 
[WARN] 2025-04-12T11:14:53.435Z - Login User --- Invalid email or password 
[WARN] 2025-04-12T11:14:58.207Z - Login User --- Invalid email or password 
[WARN] 2025-04-12T11:15:01.310Z - Login User --- Invalid email or password 
[INFO] 2025-04-12T11:15:08.058Z - Login User --- Login successful 🚀
[INFO] 2025-04-12T11:15:08.119Z - Get User --- Request Received
[INFO] 2025-04-12T11:15:08.197Z - Notification getUserNotifications ---- Retrieved user notifications
[INFO] 2025-04-12T11:15:08.228Z - Get User --- Request Received
[INFO] 2025-04-12T11:15:08.244Z - Notification getUserNotifications ---- Retrieved user notifications
[INFO] 2025-04-12T11:15:08.291Z - Get User --- Request Received
[INFO] 2025-04-12T11:15:08.461Z - Get User --- Request Received
[INFO] 2025-04-12T11:15:08.633Z - Get User --- Request Received
[INFO] 2025-04-12T11:15:08.695Z - Get User --- Request Received
[INFO] 2025-04-12T11:15:08.757Z - Get User --- Request Received
[INFO] 2025-04-12T11:15:10.551Z - Friendship getAll ---- Retrieved all friendships
[INFO] 2025-04-12T11:15:10.617Z - Friendship getPendingRequests ---- Retrieved pending friendship requests
[INFO] 2025-04-12T11:15:10.618Z - Friendship getAll ---- Retrieved all friendships
[INFO] 2025-04-12T11:15:10.686Z - Friendship getPendingRequests ---- Retrieved pending friendship requests
[INFO] 2025-04-12T11:15:10.687Z - Friendship getSentRequests ---- Retrieved sent friendship requests
[INFO] 2025-04-12T11:15:10.741Z - Friendship getSentRequests ---- Retrieved sent friendship requests
[INFO] 2025-04-12T11:15:14.978Z - Get User --- Request Received
[INFO] 2025-04-12T11:15:14.987Z - Get User Reviews - Retrieved reviews for User 3
[INFO] 2025-04-12T11:15:14.991Z - Get User Reviews - Retrieved reviews for User 3
[INFO] 2025-04-12T11:15:15.040Z - Friendship getFollowers ---- Retrieved followers successfully
[INFO] 2025-04-12T11:15:15.104Z - Friendship getFollowing ---- Retrieved following users successfully
[INFO] 2025-04-12T11:15:15.149Z - Get User --- Request Received
[INFO] 2025-04-12T11:15:15.150Z - Friendship getMutualFriends ---- Retrieved mutual friends successfully
[INFO] 2025-04-12T11:15:15.154Z - Get User Reviews - Retrieved reviews for User 3
[INFO] 2025-04-12T11:15:15.160Z - Get User Reviews - Retrieved reviews for User 3
[INFO] 2025-04-12T11:15:15.211Z - Friendship getFollowers ---- Retrieved followers successfully
[INFO] 2025-04-12T11:15:15.383Z - Friendship getFollowing ---- Retrieved following users successfully
[INFO] 2025-04-12T11:15:15.430Z - Friendship getMutualFriends ---- Retrieved mutual friends successfully
[INFO] 2025-04-12T11:15:15.742Z - Friendship getMutualFriends ---- Retrieved mutual friends successfully
[INFO] 2025-04-12T11:15:15.789Z - Friendship getMutualFriends ---- Retrieved mutual friends successfully
[INFO] 2025-04-12T11:15:15.913Z - Get User --- Request Received
[INFO] 2025-04-12T11:15:15.960Z - Friendship getFollowers ---- Retrieved followers successfully
[INFO] 2025-04-12T11:15:16.023Z - Friendship getFollowing ---- Retrieved following users successfully
[INFO] 2025-04-12T11:15:16.086Z - Get User --- Request Received
[INFO] 2025-04-12T11:15:17.381Z - Friendship getFollowers ---- Retrieved followers successfully
[INFO] 2025-04-12T11:15:17.445Z - Get User --- Request Received
[INFO] 2025-04-12T11:15:22.227Z - Friendship getFollowing ---- Retrieved following users successfully
[INFO] 2025-04-12T11:15:22.289Z - Get User --- Request Received
[INFO] 2025-04-12T11:15:23.678Z - Friendship getMutualFriends ---- Retrieved mutual friends successfully
[INFO] 2025-04-12T11:15:24.330Z - Friendship getFollowers ---- Retrieved followers successfully
[INFO] 2025-04-12T11:15:25.567Z - Get User --- Request Received
[INFO] 2025-04-12T11:15:25.628Z - Get User --- Request Received
[INFO] 2025-04-12T11:15:25.642Z - Friendship getRelationshipStatus ---- Retrieved relationship status successfully
[INFO] 2025-04-12T11:15:25.642Z - Friendship getFollowers ---- Retrieved followers successfully
[INFO] 2025-04-12T11:15:25.707Z - Friendship getFollowing ---- Retrieved following users successfully
[INFO] 2025-04-12T11:15:25.708Z - Get User --- Request Received
[INFO] 2025-04-12T11:15:25.769Z - Friendship getMutualFriends ---- Retrieved mutual friends successfully
[INFO] 2025-04-12T11:15:25.770Z - Get User --- Request Received
[INFO] 2025-04-12T11:15:26.675Z - Friendship followUser ---- User followed successfully
[INFO] 2025-04-12T11:15:26.723Z - Friendship getRelationshipStatus ---- Retrieved relationship status successfully
[INFO] 2025-04-12T11:15:26.771Z - Friendship getFollowers ---- Retrieved followers successfully
[INFO] 2025-04-12T11:15:26.819Z - Friendship getFollowing ---- Retrieved following users successfully
[INFO] 2025-04-12T11:15:28.344Z - Get User --- Request Received
[INFO] 2025-04-12T11:15:28.350Z - Get User Reviews - Retrieved reviews for User 3
[INFO] 2025-04-12T11:15:28.353Z - Get User Reviews - Retrieved reviews for User 3
[INFO] 2025-04-12T11:15:28.391Z - Friendship getFollowers ---- Retrieved followers successfully
[INFO] 2025-04-12T11:15:28.439Z - Friendship getFollowing ---- Retrieved following users successfully
[INFO] 2025-04-12T11:15:28.485Z - Friendship getMutualFriends ---- Retrieved mutual friends successfully
[INFO] 2025-04-12T11:15:29.199Z - Friendship getFollowers ---- Retrieved followers successfully
[INFO] 2025-04-12T11:15:29.200Z - Friendship getMutualFriends ---- Retrieved mutual friends successfully
[INFO] 2025-04-12T11:15:53.475Z - Get User --- Request Received
[INFO] 2025-04-12T11:15:53.641Z - Get User --- Request Received
[INFO] 2025-04-12T11:15:53.665Z - Friendship getAll ---- Retrieved all friendships
[INFO] 2025-04-12T11:15:53.697Z - Get User --- Request Received
[INFO] 2025-04-12T11:15:53.759Z - Friendship getAll ---- Retrieved all friendships
[INFO] 2025-04-12T11:15:53.760Z - Friendship getPendingRequests ---- Retrieved pending friendship requests
[INFO] 2025-04-12T11:15:53.760Z - Notification getUserNotifications ---- Retrieved user notifications
[INFO] 2025-04-12T11:15:53.847Z - Friendship getPendingRequests ---- Retrieved pending friendship requests
[INFO] 2025-04-12T11:15:53.847Z - Friendship getSentRequests ---- Retrieved sent friendship requests
[INFO] 2025-04-12T11:15:53.848Z - Friendship getAll ---- Retrieved all friendships
[INFO] 2025-04-12T11:15:53.870Z - Get User --- Request Received
[INFO] 2025-04-12T11:15:53.943Z - Friendship getPendingRequests ---- Retrieved pending friendship requests
[INFO] 2025-04-12T11:15:53.944Z - Friendship getSentRequests ---- Retrieved sent friendship requests
[INFO] 2025-04-12T11:15:53.945Z - Friendship getAll ---- Retrieved all friendships
[INFO] 2025-04-12T11:15:53.963Z - Get User --- Request Received
[INFO] 2025-04-12T11:15:54.041Z - Get User --- Request Received
[INFO] 2025-04-12T11:15:54.073Z - Friendship getSentRequests ---- Retrieved sent friendship requests
[INFO] 2025-04-12T11:15:54.073Z - Friendship getPendingRequests ---- Retrieved pending friendship requests
[INFO] 2025-04-12T11:15:54.074Z - Friendship getAll ---- Retrieved all friendships
[INFO] 2025-04-12T11:15:54.074Z - Notification getUserNotifications ---- Retrieved user notifications
[INFO] 2025-04-12T11:15:54.261Z - Friendship getPendingRequests ---- Retrieved pending friendship requests
[INFO] 2025-04-12T11:15:54.261Z - Friendship getSentRequests ---- Retrieved sent friendship requests
[INFO] 2025-04-12T11:15:54.262Z - Friendship getAll ---- Retrieved all friendships
[INFO] 2025-04-12T11:15:54.352Z - Friendship getAll ---- Retrieved all friendships
[INFO] 2025-04-12T11:15:54.353Z - Friendship getPendingRequests ---- Retrieved pending friendship requests
[INFO] 2025-04-12T11:15:54.353Z - Friendship getSentRequests ---- Retrieved sent friendship requests
[INFO] 2025-04-12T11:15:54.431Z - Friendship getAll ---- Retrieved all friendships
[INFO] 2025-04-12T11:15:54.432Z - Friendship getSentRequests ---- Retrieved sent friendship requests
[INFO] 2025-04-12T11:15:54.432Z - Friendship getPendingRequests ---- Retrieved pending friendship requests
[INFO] 2025-04-12T11:15:54.507Z - Friendship getPendingRequests ---- Retrieved pending friendship requests
[INFO] 2025-04-12T11:15:54.508Z - Friendship getSentRequests ---- Retrieved sent friendship requests
[INFO] 2025-04-12T11:15:54.555Z - Friendship getSentRequests ---- Retrieved sent friendship requests
[INFO] 2025-04-12T11:16:00.260Z - List Users --- Request Received
[INFO] 2025-04-12T11:16:02.161Z - Friendship create ---- Friendship request sent successfully
[INFO] 2025-04-12T11:16:04.436Z - Get User --- Request Received
[INFO] 2025-04-12T11:16:04.444Z - Get User Reviews - Retrieved reviews for User 3
[INFO] 2025-04-12T11:16:04.447Z - Get User Reviews - Retrieved reviews for User 3
[INFO] 2025-04-12T11:16:04.499Z - Friendship getFollowers ---- Retrieved followers successfully
[INFO] 2025-04-12T11:16:04.500Z - Get User --- Request Received
[INFO] 2025-04-12T11:16:04.511Z - Get User Reviews - Retrieved reviews for User 3
[INFO] 2025-04-12T11:16:04.524Z - Get User Reviews - Retrieved reviews for User 3
[INFO] 2025-04-12T11:16:04.592Z - Friendship getFollowing ---- Retrieved following users successfully
[INFO] 2025-04-12T11:16:04.593Z - Friendship getFollowers ---- Retrieved followers successfully
[INFO] 2025-04-12T11:16:04.661Z - Friendship getFollowing ---- Retrieved following users successfully
[INFO] 2025-04-12T11:16:04.662Z - Friendship getMutualFriends ---- Retrieved mutual friends successfully
[INFO] 2025-04-12T11:16:04.718Z - Friendship getMutualFriends ---- Retrieved mutual friends successfully
[INFO] 2025-04-12T11:16:05.107Z - Friendship getMutualFriends ---- Retrieved mutual friends successfully
[INFO] 2025-04-12T11:16:05.158Z - Friendship getMutualFriends ---- Retrieved mutual friends successfully
[INFO] 2025-04-12T11:16:05.162Z - Get User --- Request Received
[INFO] 2025-04-12T11:16:05.211Z - Friendship getFollowers ---- Retrieved followers successfully
[INFO] 2025-04-12T11:16:05.215Z - Get User --- Request Received
[INFO] 2025-04-12T11:16:05.265Z - Friendship getFollowing ---- Retrieved following users successfully
[INFO] 2025-04-12T11:16:05.686Z - Friendship getFollowers ---- Retrieved followers successfully
[INFO] 2025-04-12T11:16:05.749Z - Get User --- Request Received
[INFO] 2025-04-12T11:16:09.935Z - Login User - Logout Successfully
[INFO] 2025-04-12T11:16:20.049Z - Login User --- Login successful 🚀
[INFO] 2025-04-12T11:16:20.218Z - Get User --- Request Received
[INFO] 2025-04-12T11:16:20.282Z - Notification getUserNotifications ---- Retrieved user notifications
[INFO] 2025-04-12T11:16:20.314Z - Get User --- Request Received
[INFO] 2025-04-12T11:16:20.330Z - Notification getUserNotifications ---- Retrieved user notifications
[INFO] 2025-04-12T11:16:20.377Z - Get User --- Request Received
[INFO] 2025-04-12T11:16:22.867Z - Friendship getAll ---- Retrieved all friendships
[INFO] 2025-04-12T11:16:22.946Z - Friendship getAll ---- Retrieved all friendships
[INFO] 2025-04-12T11:16:22.946Z - Friendship getPendingRequests ---- Retrieved pending friendship requests
[INFO] 2025-04-12T11:16:23.128Z - Friendship getSentRequests ---- Retrieved sent friendship requests
[INFO] 2025-04-12T11:16:23.129Z - Friendship getPendingRequests ---- Retrieved pending friendship requests
[INFO] 2025-04-12T11:16:23.196Z - Friendship getSentRequests ---- Retrieved sent friendship requests
[INFO] 2025-04-12T11:16:29.160Z - Get User --- Request Received
[INFO] 2025-04-12T11:16:29.222Z - Get User --- Request Received
[INFO] 2025-04-12T11:16:29.284Z - Get User --- Request Received
[INFO] 2025-04-12T11:16:29.342Z - Friendship getRelationshipStatus ---- Retrieved relationship status successfully
[INFO] 2025-04-12T11:16:29.343Z - Friendship getFollowers ---- Retrieved followers successfully
[INFO] 2025-04-12T11:16:29.343Z - Get User --- Request Received
[INFO] 2025-04-12T11:16:29.409Z - Get User --- Request Received
[INFO] 2025-04-12T11:16:29.473Z - Get User --- Request Received
[INFO] 2025-04-12T11:16:29.517Z - Friendship getRelationshipStatus ---- Retrieved relationship status successfully
[INFO] 2025-04-12T11:16:29.518Z - Friendship getFollowers ---- Retrieved followers successfully
[INFO] 2025-04-12T11:16:29.518Z - Friendship getFollowing ---- Retrieved following users successfully
[INFO] 2025-04-12T11:16:29.584Z - Get User --- Request Received
[INFO] 2025-04-12T11:16:29.616Z - Friendship getFollowing ---- Retrieved following users successfully
[INFO] 2025-04-12T11:16:29.617Z - Friendship getMutualFriends ---- Retrieved mutual friends successfully
[INFO] 2025-04-12T11:16:29.786Z - Friendship getMutualFriends ---- Retrieved mutual friends successfully
[INFO] 2025-04-12T11:16:32.946Z - Friendship getAll ---- Retrieved all friendships
[INFO] 2025-04-12T11:16:33.024Z - Friendship getAll ---- Retrieved all friendships
[INFO] 2025-04-12T11:16:33.025Z - Friendship getPendingRequests ---- Retrieved pending friendship requests
[INFO] 2025-04-12T11:16:33.102Z - Friendship getPendingRequests ---- Retrieved pending friendship requests
[INFO] 2025-04-12T11:16:33.103Z - Friendship getSentRequests ---- Retrieved sent friendship requests
[INFO] 2025-04-12T11:16:33.150Z - Friendship getSentRequests ---- Retrieved sent friendship requests
[INFO] 2025-04-12T11:16:35.615Z - Notification markAllAsRead ---- All notifications marked as read
[INFO] 2025-04-12T11:16:35.661Z - Notification getUserNotifications ---- Retrieved user notifications
[INFO] 2025-04-12T11:16:41.188Z - List Users --- Request Received
[INFO] 2025-04-12T11:16:44.994Z - Get User --- Request Received
[INFO] 2025-04-12T11:16:45.073Z - Friendship getAll ---- Retrieved all friendships
[INFO] 2025-04-12T11:16:45.074Z - Get User --- Request Received
[INFO] 2025-04-12T11:16:45.135Z - Get User --- Request Received
[INFO] 2025-04-12T11:16:45.264Z - Notification getUserNotifications ---- Retrieved user notifications
[INFO] 2025-04-12T11:16:45.264Z - Friendship getAll ---- Retrieved all friendships
[INFO] 2025-04-12T11:16:45.265Z - Friendship getPendingRequests ---- Retrieved pending friendship requests
[INFO] 2025-04-12T11:16:45.307Z - Get User --- Request Received
[INFO] 2025-04-12T11:16:45.369Z - Get User --- Request Received
[INFO] 2025-04-12T11:16:45.433Z - Get User --- Request Received
[INFO] 2025-04-12T11:16:45.480Z - Friendship getPendingRequests ---- Retrieved pending friendship requests
[INFO] 2025-04-12T11:16:45.481Z - Friendship getSentRequests ---- Retrieved sent friendship requests
[INFO] 2025-04-12T11:16:45.481Z - Notification getUserNotifications ---- Retrieved user notifications
[INFO] 2025-04-12T11:16:45.482Z - Friendship getAll ---- Retrieved all friendships
[INFO] 2025-04-12T11:16:45.684Z - Friendship getAll ---- Retrieved all friendships
[INFO] 2025-04-12T11:16:45.685Z - Friendship getSentRequests ---- Retrieved sent friendship requests
[INFO] 2025-04-12T11:16:45.685Z - Friendship getPendingRequests ---- Retrieved pending friendship requests
[INFO] 2025-04-12T11:16:45.761Z - Friendship getPendingRequests ---- Retrieved pending friendship requests
[INFO] 2025-04-12T11:16:45.762Z - Friendship getSentRequests ---- Retrieved sent friendship requests
[INFO] 2025-04-12T11:16:45.762Z - Friendship getAll ---- Retrieved all friendships
[INFO] 2025-04-12T11:16:45.841Z - Friendship getAll ---- Retrieved all friendships
[INFO] 2025-04-12T11:16:45.842Z - Friendship getSentRequests ---- Retrieved sent friendship requests
[INFO] 2025-04-12T11:16:45.842Z - Friendship getPendingRequests ---- Retrieved pending friendship requests
[INFO] 2025-04-12T11:16:45.915Z - Friendship getSentRequests ---- Retrieved sent friendship requests
[INFO] 2025-04-12T11:16:45.915Z - Friendship getPendingRequests ---- Retrieved pending friendship requests
[INFO] 2025-04-12T11:16:45.916Z - Friendship getAll ---- Retrieved all friendships
[INFO] 2025-04-12T11:16:45.999Z - Friendship getAll ---- Retrieved all friendships
[INFO] 2025-04-12T11:16:46.000Z - Friendship getSentRequests ---- Retrieved sent friendship requests
[INFO] 2025-04-12T11:16:46.001Z - Friendship getPendingRequests ---- Retrieved pending friendship requests
[INFO] 2025-04-12T11:16:46.079Z - Friendship getPendingRequests ---- Retrieved pending friendship requests
[INFO] 2025-04-12T11:16:46.079Z - Friendship getSentRequests ---- Retrieved sent friendship requests
[INFO] 2025-04-12T11:16:46.125Z - Friendship getSentRequests ---- Retrieved sent friendship requests
[INFO] 2025-04-12T11:17:05.943Z - Friendship update ---- Friendship status updated successfully
[INFO] 2025-04-12T11:17:05.990Z - Friendship getAll ---- Retrieved all friendships
[INFO] 2025-04-12T11:17:06.037Z - Friendship getPendingRequests ---- Retrieved pending friendship requests
[INFO] 2025-04-12T11:17:06.207Z - Friendship getSentRequests ---- Retrieved sent friendship requests
[INFO] 2025-04-12T11:17:08.239Z - Get User --- Request Received
[INFO] 2025-04-12T11:17:08.294Z - Friendship getAll ---- Retrieved all friendships
[INFO] 2025-04-12T11:17:08.298Z - Get User --- Request Received
[INFO] 2025-04-12T11:17:08.365Z - Get User --- Request Received
[INFO] 2025-04-12T11:17:08.366Z - Friendship getPendingRequests ---- Retrieved pending friendship requests
[INFO] 2025-04-12T11:17:08.367Z - Friendship getAll ---- Retrieved all friendships
